-------------------------------------------------------------------------------
Test set: calculator.simplecalculator.CalculatorTest
-------------------------------------------------------------------------------
<<<<<<< HEAD
Tests run: 5, Failures: 0, Errors: 0, Skipped: 0, Time elapsed: 0.091 sec
=======
<<<<<<< HEAD
Tests run: 5, Failures: 0, Errors: 0, Skipped: 0, Time elapsed: 0.089 sec
=======
Tests run: 5, Failures: 0, Errors: 0, Skipped: 0, Time elapsed: 0.095 sec
>>>>>>> 66fc420bb1ae73b2cd81919364e98e9adef30974
>>>>>>> 13a17d57751ffc90a7ad6847172e6e7f77c0861d
